2025-08-01 09:29:57,293 [INFO] Logging initialized. Log file at Main/Logs\fetch.log
2025-08-01 09:29:57,295 [CRITICAL] ❌ API_TOKEN not set. Make sure .env exists and contains API_TOKEN=...
2025-08-01 09:31:14,535 [INFO] Logging initialized. Log file at Main/Logs\fetch.log
2025-08-01 09:31:14,536 [CRITICAL] ❌ ENDPOINT_MAP_PATH not set or file not found. Check your .env and path.
2025-08-01 09:32:42,232 [INFO] Logging initialized. Log file at Main/Logs\fetch.log
2025-08-01 09:32:42,233 [CRITICAL] ❌ ENDPOINT_MAP_PATH not set or file not found. Check your .env and path.
2025-08-01 09:35:53,455 [INFO] Logging initialized. Log file at Main/Logs\fetch.log
2025-08-01 09:35:53,465 [INFO] Fetching GET:/shipments/search for date=2025-07-22...
2025-08-01 09:35:53,465 [ERROR] ❌ Error fetching for 2025-07-22: 'GET:/shipments/search'
2025-08-01 09:35:53,466 [INFO] Fetching GET:/shipments/search for date=2025-07-23...
2025-08-01 09:35:53,467 [ERROR] ❌ Error fetching for 2025-07-23: 'GET:/shipments/search'
2025-08-01 09:35:53,467 [INFO] Fetching GET:/shipments/search for date=2025-07-24...
2025-08-01 09:35:53,468 [ERROR] ❌ Error fetching for 2025-07-24: 'GET:/shipments/search'
2025-08-01 09:35:53,469 [INFO] 
All done! 0 days fetched for GET:/shipments/search. Check logs for any errors.
2025-08-01 09:38:24,893 [INFO] Logging initialized. Log file at Main/Logs\fetch.log
2025-08-01 09:38:24,896 [INFO] Fetching all shipments from GET:/shipments/search...
2025-08-01 09:38:24,896 [ERROR] ❌ Error fetching all shipments: 'GET:/shipments/search'
2025-08-01 09:42:03,623 [INFO] Logging initialized. Log file at Main/Logs\fetch.log
2025-08-01 09:42:03,625 [INFO] Fetching all shipments from GET:/shipments/search...
2025-08-01 09:42:03,626 [ERROR] ❌ Error fetching all shipments: 'GET:/shipments/search'
